Using pre-set license
Built from '2020.2/release' branch; Version is '2020.2.1f1 (270dd8c3da1c) revision 2559448'; Using compiler version '192528614'; Build Type 'Release'
OS: 'Windows 10  (10.0.0) 64bit' Language: 'en' Physical Memory: 16242 MB
BatchMode: 1, IsHumanControllingUs: 0, StartBugReporterOnCrash: 0, Is64bit: 1, IsPro: 0

 COMMAND LINE ARGUMENTS:
C:\Program Files\Unity\Hub\Editor\2020.2.1f1\Editor\Unity.exe
-adb2
-batchMode
-noUpm
-name
AssetImportWorker0
-projectPath
C:/Users/21phips/Desktop/2D_Platformer_REPO
-logFile
Logs/AssetImportWorker0.log
-srvPort
53323
Successfully changed project path to: C:/Users/21phips/Desktop/2D_Platformer_REPO
C:/Users/21phips/Desktop/2D_Platformer_REPO
Using Asset Import Pipeline V2.
Refreshing native plugins compatible for Editor in 71.51 ms, found 1 plugins.
Preloading 0 native plugins for Editor in 0.00 ms.
Initialize engine version: 2020.2.1f1 (270dd8c3da1c)
[Subsystems] Discovering subsystems at path C:/Program Files/Unity/Hub/Editor/2020.2.1f1/Editor/Data/Resources/UnitySubsystems
[Subsystems] Discovering subsystems at path C:/Users/21phips/Desktop/2D_Platformer_REPO/Assets
GfxDevice: creating device client; threaded=0
Direct3D:
    Version:  Direct3D 11.0 [level 11.1]
    Renderer: NVIDIA GeForce GTX 1050 Ti (ID=0x1c82)
    Vendor:   
    VRAM:     4018 MB
    Driver:   27.21.14.6192
Initialize mono
Mono path[0] = 'C:/Program Files/Unity/Hub/Editor/2020.2.1f1/Editor/Data/Managed'
Mono path[1] = 'C:/Program Files/Unity/Hub/Editor/2020.2.1f1/Editor/Data/MonoBleedingEdge/lib/mono/unityjit'
Mono config path = 'C:/Program Files/Unity/Hub/Editor/2020.2.1f1/Editor/Data/MonoBleedingEdge/etc'
Using monoOptions --debugger-agent=transport=dt_socket,embedding=1,server=y,suspend=n,address=127.0.0.1:56880
Begin MonoManager ReloadAssembly
Registering precompiled unity dll's ...
Register platform support module: C:/Program Files/Unity/Hub/Editor/2020.2.1f1/Editor/Data/PlaybackEngines/WebGLSupport/UnityEditor.WebGL.Extensions.dll
Register platform support module: C:/Program Files/Unity/Hub/Editor/2020.2.1f1/Editor/Data/PlaybackEngines/WindowsStandaloneSupport/UnityEditor.WindowsStandalone.Extensions.dll
Registered in 0.015293 seconds.
Native extension for WindowsStandalone target not found
Native extension for WebGL target not found
Refreshing native plugins compatible for Editor in 50.31 ms, found 1 plugins.
Preloading 0 native plugins for Editor in 0.00 ms.
Invoked RoslynAnalysisRunner static constructor.
RoslynAnalysisRunner will not be running.
RoslynAnalysisRunner has terminated.
Mono: successfully reloaded assembly
- Completed reload, in  1.624 seconds
Platform modules already initialized, skipping
Registering precompiled user dll's ...
Registered in 0.024486 seconds.
Begin MonoManager ReloadAssembly
Native extension for WindowsStandalone target not found
Native extension for WebGL target not found
Refreshing native plugins compatible for Editor in 35.49 ms, found 1 plugins.
Preloading 0 native plugins for Editor in 0.00 ms.
Invoked RoslynAnalysisRunner static constructor.
RoslynAnalysisRunner will not be running.
RoslynAnalysisRunner has terminated.
Mono: successfully reloaded assembly
- Completed reload, in  1.381 seconds
Platform modules already initialized, skipping
========================================================================
Worker process is ready to serve import requests
Launched and connected shader compiler UnityShaderCompiler.exe after 0.06 seconds
Refreshing native plugins compatible for Editor in 0.40 ms, found 1 plugins.
Preloading 0 native plugins for Editor in 0.00 ms.
Unloading 1935 Unused Serialized files (Serialized files now loaded: 0)
System memory in use before: 103.8 MB.
System memory in use after: 103.7 MB.

Unloading 25 unused Assets to reduce memory usage. Loaded Objects now: 2391.
Total: 2.133800 ms (FindLiveObjects: 0.359300 ms CreateObjectMapping: 0.186000 ms MarkObjects: 1.448800 ms  DeleteObjects: 0.138700 ms)

========================================================================
Received Import Request.
  path: Assets/Scenes/Level 2.unity
  artifactKey: Guid(25c1222dd206a574ca267c3aa192e5b9) Importer(815301076,1909f56bfc062723c751e8b465ee728b)
Start importing Assets/Scenes/Level 2.unity using Guid(25c1222dd206a574ca267c3aa192e5b9) Importer(815301076,1909f56bfc062723c751e8b465ee728b)  -> (artifact id: '2e08e470bd6d6f3803ac96a7e9655ace') in 0.013652 seconds
  Import took 0.040263 seconds .

========================================================================
Received Prepare
Refreshing native plugins compatible for Editor in 22.59 ms, found 1 plugins.
Preloading 0 native plugins for Editor in 0.00 ms.
Unloading 11 Unused Serialized files (Serialized files now loaded: 0)
System memory in use before: 64.9 MB.
System memory in use after: 64.9 MB.

Unloading 11 unused Assets to reduce memory usage. Loaded Objects now: 2391.
Total: 4.046500 ms (FindLiveObjects: 0.257900 ms CreateObjectMapping: 0.111000 ms MarkObjects: 3.531000 ms  DeleteObjects: 0.145400 ms)

========================================================================
Received Prepare
Registering precompiled user dll's ...
Registered in 0.001387 seconds.
Begin MonoManager ReloadAssembly
Native extension for WindowsStandalone target not found
Native extension for WebGL target not found
Refreshing native plugins compatible for Editor in 0.65 ms, found 1 plugins.
Preloading 0 native plugins for Editor in 0.00 ms.
Invoked RoslynAnalysisRunner static constructor.
RoslynAnalysisRunner will not be running.
RoslynAnalysisRunner has terminated.
Mono: successfully reloaded assembly
- Completed reload, in  1.077 seconds
Platform modules already initialized, skipping
Refreshing native plugins compatible for Editor in 0.41 ms, found 1 plugins.
Preloading 0 native plugins for Editor in 0.00 ms.
Unloading 1913 Unused Serialized files (Serialized files now loaded: 0)
System memory in use before: 102.9 MB.
System memory in use after: 102.9 MB.

Unloading 13 unused Assets to reduce memory usage. Loaded Objects now: 2394.
Total: 3.563500 ms (FindLiveObjects: 0.401300 ms CreateObjectMapping: 0.169400 ms MarkObjects: 2.834700 ms  DeleteObjects: 0.156900 ms)

========================================================================
Received Prepare
Registering precompiled user dll's ...
Registered in 0.001528 seconds.
Begin MonoManager ReloadAssembly
Native extension for WindowsStandalone target not found
Native extension for WebGL target not found
Refreshing native plugins compatible for Editor in 0.36 ms, found 1 plugins.
Preloading 0 native plugins for Editor in 0.00 ms.
Invoked RoslynAnalysisRunner static constructor.
RoslynAnalysisRunner will not be running.
RoslynAnalysisRunner has terminated.
Mono: successfully reloaded assembly
- Completed reload, in  0.730 seconds
Platform modules already initialized, skipping
Refreshing native plugins compatible for Editor in 0.85 ms, found 1 plugins.
Preloading 0 native plugins for Editor in 0.00 ms.
Unloading 1913 Unused Serialized files (Serialized files now loaded: 0)
System memory in use before: 103.2 MB.
System memory in use after: 103.2 MB.

Unloading 13 unused Assets to reduce memory usage. Loaded Objects now: 2397.
Total: 2.711600 ms (FindLiveObjects: 0.274200 ms CreateObjectMapping: 0.134400 ms MarkObjects: 2.182200 ms  DeleteObjects: 0.119200 ms)

========================================================================
Received Import Request.
  Time since last request: 326.965581 seconds.
  path: Assets/Scenes/New Scene.unity
  artifactKey: Guid(85f36612731a1134bb16192dcb403ab4) Importer(815301076,1909f56bfc062723c751e8b465ee728b)
Start importing Assets/Scenes/New Scene.unity using Guid(85f36612731a1134bb16192dcb403ab4) Importer(815301076,1909f56bfc062723c751e8b465ee728b)  -> (artifact id: '6904d2706bb642365603fa2d0d4eb94d') in 0.016471 seconds
  Import took 0.036436 seconds .

========================================================================
Received Import Request.
  Time since last request: 60.582587 seconds.
  path: Assets/Scenes/Level 2.scenetemplate
  artifactKey: Guid(d47570b2e49c4374a9ce5062d3f2afbd) Importer(815301076,1909f56bfc062723c751e8b465ee728b)
Start importing Assets/Scenes/Level 2.scenetemplate using Guid(d47570b2e49c4374a9ce5062d3f2afbd) Importer(815301076,1909f56bfc062723c751e8b465ee728b)  -> (artifact id: '69261114369e3e27a27beb74979a9993') in 0.119912 seconds
  Import took 0.124328 seconds .

========================================================================
Received Import Request.
  Time since last request: 7.235846 seconds.
  path: Assets/Scenes/Level 2.unity
  artifactKey: Guid(25c1222dd206a574ca267c3aa192e5b9) Importer(815301076,1909f56bfc062723c751e8b465ee728b)
Start importing Assets/Scenes/Level 2.unity using Guid(25c1222dd206a574ca267c3aa192e5b9) Importer(815301076,1909f56bfc062723c751e8b465ee728b)  -> (artifact id: '4c8ced7cda98b27a14991c57617d3227') in 0.002812 seconds
  Import took 0.027342 seconds .

========================================================================
Received Import Request.
  Time since last request: 10.578850 seconds.
  path: Assets/Scenes/Level 3.unity
  artifactKey: Guid(c2a5133a73ee5b2479a2a86c6a52c5b8) Importer(815301076,1909f56bfc062723c751e8b465ee728b)
Start importing Assets/Scenes/Level 3.unity using Guid(c2a5133a73ee5b2479a2a86c6a52c5b8) Importer(815301076,1909f56bfc062723c751e8b465ee728b)  -> (artifact id: '39d7ef177c95a48b4608561da205e7a1') in 0.007967 seconds
  Import took 0.018608 seconds .

========================================================================
Received Import Request.
  Time since last request: 15.741071 seconds.
  path: Assets/Scenes/New SceneTemplate.scenetemplate
  artifactKey: Guid(683a5ebe30b02814d82001c1e70ecdc4) Importer(815301076,1909f56bfc062723c751e8b465ee728b)
Start importing Assets/Scenes/New SceneTemplate.scenetemplate using Guid(683a5ebe30b02814d82001c1e70ecdc4) Importer(815301076,1909f56bfc062723c751e8b465ee728b)  -> (artifact id: '5bfdd822742cf7f6cb7a2859065b9cd5') in 0.008867 seconds
  Import took 0.026864 seconds .

========================================================================
Received Import Request.
  Time since last request: 35.733860 seconds.
  path: Assets/Scenes/New Scene.unity
  artifactKey: Guid(85f36612731a1134bb16192dcb403ab4) Importer(815301076,1909f56bfc062723c751e8b465ee728b)
Start importing Assets/Scenes/New Scene.unity using Guid(85f36612731a1134bb16192dcb403ab4) Importer(815301076,1909f56bfc062723c751e8b465ee728b)  -> (artifact id: 'c1ba0dddef14f33234a6ecbb17070250') in 0.003932 seconds
  Import took 0.030460 seconds .

========================================================================
Received Prepare
Registering precompiled user dll's ...
Registered in 0.001372 seconds.
Begin MonoManager ReloadAssembly
Native extension for WindowsStandalone target not found
Native extension for WebGL target not found
Refreshing native plugins compatible for Editor in 0.36 ms, found 1 plugins.
Preloading 0 native plugins for Editor in 0.00 ms.
Invoked RoslynAnalysisRunner static constructor.
RoslynAnalysisRunner will not be running.
RoslynAnalysisRunner has terminated.
Mono: successfully reloaded assembly
- Completed reload, in  0.755 seconds
Platform modules already initialized, skipping
Refreshing native plugins compatible for Editor in 0.37 ms, found 1 plugins.
Preloading 0 native plugins for Editor in 0.00 ms.
Unloading 1913 Unused Serialized files (Serialized files now loaded: 0)
System memory in use before: 103.6 MB.
System memory in use after: 103.6 MB.

Unloading 13 unused Assets to reduce memory usage. Loaded Objects now: 2401.
Total: 1.773000 ms (FindLiveObjects: 0.185000 ms CreateObjectMapping: 0.068500 ms MarkObjects: 1.397800 ms  DeleteObjects: 0.121100 ms)

========================================================================
Received Prepare
Registering precompiled user dll's ...
Registered in 0.001354 seconds.
Begin MonoManager ReloadAssembly
Native extension for WindowsStandalone target not found
Native extension for WebGL target not found
Refreshing native plugins compatible for Editor in 0.36 ms, found 1 plugins.
Preloading 0 native plugins for Editor in 0.00 ms.
Invoked RoslynAnalysisRunner static constructor.
RoslynAnalysisRunner will not be running.
RoslynAnalysisRunner has terminated.
Mono: successfully reloaded assembly
- Completed reload, in  0.753 seconds
Platform modules already initialized, skipping
Refreshing native plugins compatible for Editor in 0.37 ms, found 1 plugins.
Preloading 0 native plugins for Editor in 0.00 ms.
Unloading 1913 Unused Serialized files (Serialized files now loaded: 0)
System memory in use before: 104.0 MB.
System memory in use after: 104.0 MB.

Unloading 13 unused Assets to reduce memory usage. Loaded Objects now: 2404.
Total: 2.824200 ms (FindLiveObjects: 0.250500 ms CreateObjectMapping: 0.072600 ms MarkObjects: 2.302800 ms  DeleteObjects: 0.197300 ms)

========================================================================
Received Prepare
Registering precompiled user dll's ...
Registered in 0.001357 seconds.
Begin MonoManager ReloadAssembly
Native extension for WindowsStandalone target not found
Native extension for WebGL target not found
Refreshing native plugins compatible for Editor in 0.40 ms, found 1 plugins.
Preloading 0 native plugins for Editor in 0.00 ms.
Invoked RoslynAnalysisRunner static constructor.
RoslynAnalysisRunner will not be running.
RoslynAnalysisRunner has terminated.
Mono: successfully reloaded assembly
- Completed reload, in  0.768 seconds
Platform modules already initialized, skipping
Refreshing native plugins compatible for Editor in 0.37 ms, found 1 plugins.
Preloading 0 native plugins for Editor in 0.00 ms.
Unloading 1913 Unused Serialized files (Serialized files now loaded: 0)
System memory in use before: 104.3 MB.
System memory in use after: 104.3 MB.

Unloading 13 unused Assets to reduce memory usage. Loaded Objects now: 2407.
Total: 2.098900 ms (FindLiveObjects: 0.215300 ms CreateObjectMapping: 0.051700 ms MarkObjects: 1.669100 ms  DeleteObjects: 0.160200 ms)

========================================================================
Received Prepare
Registering precompiled user dll's ...
Registered in 0.001369 seconds.
Begin MonoManager ReloadAssembly
Native extension for WindowsStandalone target not found
Native extension for WebGL target not found
Refreshing native plugins compatible for Editor in 0.36 ms, found 1 plugins.
Preloading 0 native plugins for Editor in 0.00 ms.
Invoked RoslynAnalysisRunner static constructor.
RoslynAnalysisRunner will not be running.
RoslynAnalysisRunner has terminated.
Mono: successfully reloaded assembly
- Completed reload, in  0.736 seconds
Platform modules already initialized, skipping
Refreshing native plugins compatible for Editor in 0.38 ms, found 1 plugins.
Preloading 0 native plugins for Editor in 0.00 ms.
Unloading 1913 Unused Serialized files (Serialized files now loaded: 0)
System memory in use before: 104.5 MB.
System memory in use after: 104.5 MB.

Unloading 13 unused Assets to reduce memory usage. Loaded Objects now: 2410.
Total: 2.456800 ms (FindLiveObjects: 0.247800 ms CreateObjectMapping: 0.105800 ms MarkObjects: 1.981600 ms  DeleteObjects: 0.107900 ms)

========================================================================
Received Import Request.
  Time since last request: 1483.118976 seconds.
  path: Assets/Scenes/Level 1.unity
  artifactKey: Guid(2cda990e2423bbf4892e6590ba056729) Importer(815301076,1909f56bfc062723c751e8b465ee728b)
Start importing Assets/Scenes/Level 1.unity using Guid(2cda990e2423bbf4892e6590ba056729) Importer(815301076,1909f56bfc062723c751e8b465ee728b)  -> (artifact id: 'e9378759547780bdaf4c0ca532c7d1bf') in 0.027422 seconds
  Import took 0.039304 seconds .

========================================================================
Received Import Request.
  Time since last request: 4.219294 seconds.
  path: Assets/Scenes/Level 2.unity
  artifactKey: Guid(25c1222dd206a574ca267c3aa192e5b9) Importer(815301076,1909f56bfc062723c751e8b465ee728b)
Start importing Assets/Scenes/Level 2.unity using Guid(25c1222dd206a574ca267c3aa192e5b9) Importer(815301076,1909f56bfc062723c751e8b465ee728b)  -> (artifact id: '8779f42a5b1383acc4703579c6e6b7d7') in 0.002849 seconds
  Import took 0.020265 seconds .

========================================================================
Received Import Request.
  Time since last request: 43.804259 seconds.
  path: Assets/Scenes/Level 2.unity
  artifactKey: Guid(25c1222dd206a574ca267c3aa192e5b9) Importer(815301076,1909f56bfc062723c751e8b465ee728b)
Start importing Assets/Scenes/Level 2.unity using Guid(25c1222dd206a574ca267c3aa192e5b9) Importer(815301076,1909f56bfc062723c751e8b465ee728b)  -> (artifact id: '0fd99d6e951420b5807c7774cd0b534e') in 0.003097 seconds
  Import took 0.017973 seconds .

========================================================================
Received Import Request.
  Time since last request: 193.722472 seconds.
  path: Assets/Scenes/Level 2.unity
  artifactKey: Guid(25c1222dd206a574ca267c3aa192e5b9) Importer(815301076,1909f56bfc062723c751e8b465ee728b)
Start importing Assets/Scenes/Level 2.unity using Guid(25c1222dd206a574ca267c3aa192e5b9) Importer(815301076,1909f56bfc062723c751e8b465ee728b)  -> (artifact id: 'c0fd5fcc696c05302e7bfc7e0e6e6bad') in 0.003136 seconds
  Import took 0.013634 seconds .

========================================================================
Received Prepare
Registering precompiled user dll's ...
Registered in 0.001725 seconds.
Begin MonoManager ReloadAssembly
Native extension for WindowsStandalone target not found
Native extension for WebGL target not found
Refreshing native plugins compatible for Editor in 0.37 ms, found 1 plugins.
Preloading 0 native plugins for Editor in 0.00 ms.
Invoked RoslynAnalysisRunner static constructor.
RoslynAnalysisRunner will not be running.
RoslynAnalysisRunner has terminated.
Mono: successfully reloaded assembly
- Completed reload, in  0.765 seconds
Platform modules already initialized, skipping
Refreshing native plugins compatible for Editor in 0.57 ms, found 1 plugins.
Preloading 0 native plugins for Editor in 0.00 ms.
Unloading 1913 Unused Serialized files (Serialized files now loaded: 0)
System memory in use before: 104.7 MB.
System memory in use after: 104.7 MB.

Unloading 13 unused Assets to reduce memory usage. Loaded Objects now: 2413.
Total: 2.002300 ms (FindLiveObjects: 0.187900 ms CreateObjectMapping: 0.069500 ms MarkObjects: 1.612700 ms  DeleteObjects: 0.130500 ms)

========================================================================
Received Import Request.
  Time since last request: 4.415294 seconds.
  path: Assets/Scenes/Level 3.unity
  artifactKey: Guid(0c60dd022ac266b45bf153a7c9ddee11) Importer(815301076,1909f56bfc062723c751e8b465ee728b)
Start importing Assets/Scenes/Level 3.unity using Guid(0c60dd022ac266b45bf153a7c9ddee11) Importer(815301076,1909f56bfc062723c751e8b465ee728b)  -> (artifact id: '7a1e078f5c4df5cddca1f8fed9565ccb') in 0.010762 seconds
  Import took 0.035052 seconds .

========================================================================
Received Import Request.
  Time since last request: 20.042264 seconds.
  path: Assets/Scenes/Level 3.unity
  artifactKey: Guid(9dac1fa759b26ea49bc1c70c98b9430c) Importer(815301076,1909f56bfc062723c751e8b465ee728b)
Start importing Assets/Scenes/Level 3.unity using Guid(9dac1fa759b26ea49bc1c70c98b9430c) Importer(815301076,1909f56bfc062723c751e8b465ee728b)  -> (artifact id: '13fdaea7a6e75cb889abd2c1b0ac9dbf') in 0.003019 seconds
  Import took 0.006291 seconds .

========================================================================
Received Import Request.
  Time since last request: 24.155609 seconds.
  path: Assets/Scenes/Level 3.unity
  artifactKey: Guid(31e0b6d3617635d4282d4a4219f05039) Importer(815301076,1909f56bfc062723c751e8b465ee728b)
Start importing Assets/Scenes/Level 3.unity using Guid(31e0b6d3617635d4282d4a4219f05039) Importer(815301076,1909f56bfc062723c751e8b465ee728b)  -> (artifact id: 'c0243ac0af7c071d7edca53e044cd4a5') in 0.002925 seconds
  Import took 0.010836 seconds .

========================================================================
Received Import Request.
  Time since last request: 6.289792 seconds.
  path: Assets/Scenes/Level 3.unity
  artifactKey: Guid(31e0b6d3617635d4282d4a4219f05039) Importer(815301076,1909f56bfc062723c751e8b465ee728b)
Start importing Assets/Scenes/Level 3.unity using Guid(31e0b6d3617635d4282d4a4219f05039) Importer(815301076,1909f56bfc062723c751e8b465ee728b)  -> (artifact id: 'd077a62731f241995efc3a89237d3bea') in 0.003136 seconds
  Import took 0.010992 seconds .

========================================================================
Received Import Request.
  Time since last request: 17.719402 seconds.
  path: Assets/Scenes/Level 3.unity
  artifactKey: Guid(39a7b1feb9c25a4408b815165576f1b9) Importer(815301076,1909f56bfc062723c751e8b465ee728b)
Start importing Assets/Scenes/Level 3.unity using Guid(39a7b1feb9c25a4408b815165576f1b9) Importer(815301076,1909f56bfc062723c751e8b465ee728b)  -> (artifact id: '51863d92e6f163d2d188446064f25ca3') in 0.003418 seconds
  Import took 0.021408 seconds .

========================================================================
Received Import Request.
  Time since last request: 22.335332 seconds.
  path: Assets/Scenes/Level 3.unity
  artifactKey: Guid(196f80379d810744999f26e0fd5d108f) Importer(815301076,1909f56bfc062723c751e8b465ee728b)
Start importing Assets/Scenes/Level 3.unity using Guid(196f80379d810744999f26e0fd5d108f) Importer(815301076,1909f56bfc062723c751e8b465ee728b)  -> (artifact id: '568bb22fc28d510d9ae05febf5b021e3') in 0.003162 seconds
  Import took 0.006510 seconds .

========================================================================
Received Import Request.
  Time since last request: 540.991166 seconds.
  path: Packages/com.unity.2d.sprite/Editor/ObjectMenuCreation/DefaultAssets/Textures/9-Sliced.png
  artifactKey: Guid(cc35afd292fc349128b36a291fb3a165) Importer(815301076,1909f56bfc062723c751e8b465ee728b)
Start importing Packages/com.unity.2d.sprite/Editor/ObjectMenuCreation/DefaultAssets/Textures/9-Sliced.png using Guid(cc35afd292fc349128b36a291fb3a165) Importer(815301076,1909f56bfc062723c751e8b465ee728b)  -> (artifact id: 'a2a93d0c81a813e4117ee69eb6c669a7') in 0.252388 seconds
  Import took 0.255972 seconds .

========================================================================
Received Import Request.
  Time since last request: 0.000248 seconds.
  path: Packages/com.unity.2d.sprite/Editor/ObjectMenuCreation/DefaultAssets/Textures/HexagonPointed-Top.png
  artifactKey: Guid(4b2a04fdbe0ef4d8da8f90eaca817cd1) Importer(815301076,1909f56bfc062723c751e8b465ee728b)
Start importing Packages/com.unity.2d.sprite/Editor/ObjectMenuCreation/DefaultAssets/Textures/HexagonPointed-Top.png using Guid(4b2a04fdbe0ef4d8da8f90eaca817cd1) Importer(815301076,1909f56bfc062723c751e8b465ee728b)  -> (artifact id: '384e55ab82e5d2cda43e07aaa2a3c18d') in 0.032359 seconds
  Import took 0.047649 seconds .

========================================================================
Received Import Request.
  Time since last request: 0.000250 seconds.
  path: Packages/com.unity.2d.sprite/Editor/ObjectMenuCreation/DefaultAssets/Textures/HexagonFlat-Top.png
  artifactKey: Guid(a9716c16a44a94eed9b5c90fbf4d9bdd) Importer(815301076,1909f56bfc062723c751e8b465ee728b)
Start importing Packages/com.unity.2d.sprite/Editor/ObjectMenuCreation/DefaultAssets/Textures/HexagonFlat-Top.png using Guid(a9716c16a44a94eed9b5c90fbf4d9bdd) Importer(815301076,1909f56bfc062723c751e8b465ee728b)  -> (artifact id: 'a76903d9f9c2f0bdaf19ab32276b0eec') in 0.041465 seconds
  Import took 0.056681 seconds .

========================================================================
Received Import Request.
  Time since last request: 0.000245 seconds.
  path: Packages/com.unity.2d.sprite/Editor/ObjectMenuCreation/DefaultAssets/Textures/CircleMask.png
  artifactKey: Guid(87aaca0a643d54397ba969dab4fc8875) Importer(815301076,1909f56bfc062723c751e8b465ee728b)
Start importing Packages/com.unity.2d.sprite/Editor/ObjectMenuCreation/DefaultAssets/Textures/CircleMask.png using Guid(87aaca0a643d54397ba969dab4fc8875) Importer(815301076,1909f56bfc062723c751e8b465ee728b)  -> (artifact id: 'ee9bf2926c50e3b56fc5e3cf7ad884b0') in 0.042298 seconds
  Import took 0.069240 seconds .

========================================================================
Received Import Request.
  Time since last request: 0.000295 seconds.
  path: Packages/com.unity.2d.sprite/Editor/ObjectMenuCreation/DefaultAssets/Textures/Circle.png
  artifactKey: Guid(4adeaf2d2b1c7417e89f026626d8264f) Importer(815301076,1909f56bfc062723c751e8b465ee728b)
Start importing Packages/com.unity.2d.sprite/Editor/ObjectMenuCreation/DefaultAssets/Textures/Circle.png using Guid(4adeaf2d2b1c7417e89f026626d8264f) Importer(815301076,1909f56bfc062723c751e8b465ee728b)  -> (artifact id: '674d01ffe61f623387cc24a02b4f1f07') in 0.039595 seconds
  Import took 0.064004 seconds .

========================================================================
Received Import Request.
  Time since last request: 0.000249 seconds.
  path: Packages/com.unity.2d.sprite/Editor/ObjectMenuCreation/DefaultAssets/Textures/Square.png
  artifactKey: Guid(db750325989564987a34393247d883b4) Importer(815301076,1909f56bfc062723c751e8b465ee728b)
Start importing Packages/com.unity.2d.sprite/Editor/ObjectMenuCreation/DefaultAssets/Textures/Square.png using Guid(db750325989564987a34393247d883b4) Importer(815301076,1909f56bfc062723c751e8b465ee728b)  -> (artifact id: 'efce1c93115ace3130a1320dde1c17c0') in 0.015887 seconds
  Import took 0.019412 seconds .

========================================================================
Received Import Request.
  Time since last request: 0.000216 seconds.
  path: Packages/com.unity.2d.sprite/Editor/ObjectMenuCreation/DefaultAssets/Textures/Capsule.png
  artifactKey: Guid(34587324d412940a79d530020c957dc0) Importer(815301076,1909f56bfc062723c751e8b465ee728b)
Start importing Packages/com.unity.2d.sprite/Editor/ObjectMenuCreation/DefaultAssets/Textures/Capsule.png using Guid(34587324d412940a79d530020c957dc0) Importer(815301076,1909f56bfc062723c751e8b465ee728b)  -> (artifact id: 'ead376b393ca072fcbafc6f3840f7a79') in 0.035356 seconds
  Import took 0.049762 seconds .

========================================================================
Received Import Request.
  Time since last request: 0.000213 seconds.
  path: Packages/com.unity.2d.sprite/Editor/ObjectMenuCreation/DefaultAssets/Textures/IsometricDiamond.png
  artifactKey: Guid(0d267bc78a0864eb48358689b29ed20a) Importer(815301076,1909f56bfc062723c751e8b465ee728b)
Start importing Packages/com.unity.2d.sprite/Editor/ObjectMenuCreation/DefaultAssets/Textures/IsometricDiamond.png using Guid(0d267bc78a0864eb48358689b29ed20a) Importer(815301076,1909f56bfc062723c751e8b465ee728b)  -> (artifact id: '0e3a0e9ff55c833999594d6ff8b57c21') in 0.039625 seconds
  Import took 0.042862 seconds .

========================================================================
Received Import Request.
  Time since last request: 0.000287 seconds.
  path: Packages/com.unity.2d.sprite/Editor/ObjectMenuCreation/DefaultAssets/Textures/Capsule.png
  artifactKey: Guid(34587324d412940a79d530020c957dc0) Importer(815301076,1909f56bfc062723c751e8b465ee728b)
Start importing Packages/com.unity.2d.sprite/Editor/ObjectMenuCreation/DefaultAssets/Textures/Capsule.png using Guid(34587324d412940a79d530020c957dc0) Importer(815301076,1909f56bfc062723c751e8b465ee728b)  -> (artifact id: 'ead376b393ca072fcbafc6f3840f7a79') in 0.008517 seconds
  Import took 0.011461 seconds .

========================================================================
Received Import Request.
  Time since last request: 0.000204 seconds.
  path: Packages/com.unity.2d.sprite/Editor/ObjectMenuCreation/DefaultAssets/Textures/IsometricDiamond.png
  artifactKey: Guid(0d267bc78a0864eb48358689b29ed20a) Importer(815301076,1909f56bfc062723c751e8b465ee728b)
Start importing Packages/com.unity.2d.sprite/Editor/ObjectMenuCreation/DefaultAssets/Textures/IsometricDiamond.png using Guid(0d267bc78a0864eb48358689b29ed20a) Importer(815301076,1909f56bfc062723c751e8b465ee728b)  -> (artifact id: '0e3a0e9ff55c833999594d6ff8b57c21') in 0.008836 seconds
  Import took 0.012639 seconds .

========================================================================
Received Import Request.
  Time since last request: 28.548261 seconds.
  path: Assets/AstarPathfindingProject/Editor/EditorAssets/Materials/Navmesh.mat
  artifactKey: Guid(5ce51318bbfb1466188b929a68a6bd3a) Importer(815301076,1909f56bfc062723c751e8b465ee728b)
Start importing Assets/AstarPathfindingProject/Editor/EditorAssets/Materials/Navmesh.mat using Guid(5ce51318bbfb1466188b929a68a6bd3a) Importer(815301076,1909f56bfc062723c751e8b465ee728b)  -> (artifact id: 'c17da873080f7e5bb7d6d22559626833') in 0.127950 seconds
  Import took 0.132269 seconds .

========================================================================
Received Import Request.
  Time since last request: 0.000274 seconds.
  path: Assets/AstarPathfindingProject/ExampleScenes/Example6_Navmesh/Materials/navmesh-navmesh_example6navmeshMat.mat
  artifactKey: Guid(1f2d61fa60ed54991a4e629fdb13e1f3) Importer(815301076,1909f56bfc062723c751e8b465ee728b)
Start importing Assets/AstarPathfindingProject/ExampleScenes/Example6_Navmesh/Materials/navmesh-navmesh_example6navmeshMat.mat using Guid(1f2d61fa60ed54991a4e629fdb13e1f3) Importer(815301076,1909f56bfc062723c751e8b465ee728b)  -> (artifact id: 'c8dd88efca85f635421f4ff7316230da') in 0.041329 seconds
  Import took 0.174057 seconds .

========================================================================
Received Import Request.
  Time since last request: 0.826239 seconds.
  path: Assets/AstarPathfindingProject/ExampleScenes/Prefabs/MineBot/Materials/mine_bot@left-01 - Default.mat
  artifactKey: Guid(84be6514d56e743dd9b8f1a1fca98f50) Importer(815301076,1909f56bfc062723c751e8b465ee728b)
Start importing Assets/AstarPathfindingProject/ExampleScenes/Prefabs/MineBot/Materials/mine_bot@left-01 - Default.mat using Guid(84be6514d56e743dd9b8f1a1fca98f50) Importer(815301076,1909f56bfc062723c751e8b465ee728b)  -> (artifact id: 'ead33fc737940df21c60cb70de5241fc') in 0.049360 seconds
  Import took 0.053836 seconds .

========================================================================
Received Import Request.
  Time since last request: 0.000255 seconds.
  path: Assets/AstarPathfindingProject/ExampleScenes/Prefabs/MineBot/Materials/mine_bot@right-01 - Default.mat
  artifactKey: Guid(a0410f0ca50c248fbaad373ecfcf872b) Importer(815301076,1909f56bfc062723c751e8b465ee728b)
Start importing Assets/AstarPathfindingProject/ExampleScenes/Prefabs/MineBot/Materials/mine_bot@right-01 - Default.mat using Guid(a0410f0ca50c248fbaad373ecfcf872b) Importer(815301076,1909f56bfc062723c751e8b465ee728b)  -> (artifact id: 'ef61a6b9909f2605193183edf94b1543') in 0.030940 seconds
  Import took 0.033740 seconds .

========================================================================
Received Import Request.
  Time since last request: 0.005436 seconds.
  path: Assets/AstarPathfindingProject/ExampleScenes/Prefabs/MineBot/Materials/mine_bot@right-01 - Default.mat
  artifactKey: Guid(a0410f0ca50c248fbaad373ecfcf872b) Importer(815301076,1909f56bfc062723c751e8b465ee728b)
Start importing Assets/AstarPathfindingProject/ExampleScenes/Prefabs/MineBot/Materials/mine_bot@right-01 - Default.mat using Guid(a0410f0ca50c248fbaad373ecfcf872b) Importer(815301076,1909f56bfc062723c751e8b465ee728b)  -> (artifact id: 'ef61a6b9909f2605193183edf94b1543') in 0.010278 seconds
  Import took 0.014075 seconds .

========================================================================
Received Import Request.
  Time since last request: 0.031975 seconds.
  path: Assets/AstarPathfindingProject/ExampleScenes/Prefabs/MineBot/Materials/mine_bot@forward 1-01 - Default.mat
  artifactKey: Guid(8484bd09122784e76947d262ed126b1c) Importer(815301076,1909f56bfc062723c751e8b465ee728b)
Start importing Assets/AstarPathfindingProject/ExampleScenes/Prefabs/MineBot/Materials/mine_bot@forward 1-01 - Default.mat using Guid(8484bd09122784e76947d262ed126b1c) Importer(815301076,1909f56bfc062723c751e8b465ee728b)  -> (artifact id: '58436282958fbd8cd0987c269d17909a') in 0.025701 seconds
  Import took 0.047014 seconds .

========================================================================
Received Import Request.
  Time since last request: 0.000297 seconds.
  path: Assets/AstarPathfindingProject/ExampleScenes/Prefabs/MineBot/Materials/mine_bot@forward-01 - Default.mat
  artifactKey: Guid(7c7ae9bbdf3d944e7877ee4243ac4801) Importer(815301076,1909f56bfc062723c751e8b465ee728b)
Start importing Assets/AstarPathfindingProject/ExampleScenes/Prefabs/MineBot/Materials/mine_bot@forward-01 - Default.mat using Guid(7c7ae9bbdf3d944e7877ee4243ac4801) Importer(815301076,1909f56bfc062723c751e8b465ee728b)  -> (artifact id: 'e14fb25524d06260625eea126d1c1c57') in 0.016990 seconds
  Import took 0.020453 seconds .

========================================================================
Received Import Request.
  Time since last request: 0.116431 seconds.
  path: Assets/AstarPathfindingProject/ExampleScenes/Prefabs/MineBot/Materials/mine_bot@awake-01 - Default.mat
  artifactKey: Guid(67af7822a09c145bea7714196d07f476) Importer(815301076,1909f56bfc062723c751e8b465ee728b)
Start importing Assets/AstarPathfindingProject/ExampleScenes/Prefabs/MineBot/Materials/mine_bot@awake-01 - Default.mat using Guid(67af7822a09c145bea7714196d07f476) Importer(815301076,1909f56bfc062723c751e8b465ee728b)  -> (artifact id: '89a742e9abb42a958d6b1d00b80bc7ec') in 0.019078 seconds
  Import took 0.021976 seconds .

========================================================================
Received Import Request.
  Time since last request: 0.000225 seconds.
  path: Assets/AstarPathfindingProject/ExampleScenes/Prefabs/MineBot/Materials/mine_bot@back-01 - Default.mat
  artifactKey: Guid(0d2961682f01448ef8b2bf2cc390a419) Importer(815301076,1909f56bfc062723c751e8b465ee728b)
Start importing Assets/AstarPathfindingProject/ExampleScenes/Prefabs/MineBot/Materials/mine_bot@back-01 - Default.mat using Guid(0d2961682f01448ef8b2bf2cc390a419) Importer(815301076,1909f56bfc062723c751e8b465ee728b)  -> (artifact id: '8c2492af4cb02bca6483e7e94fc9d168') in 0.017793 seconds
  Import took 0.020960 seconds .

========================================================================
Received Import Request.
  Time since last request: 0.866345 seconds.
  path: Assets/TextMesh Pro/Resources/Fonts & Materials/LiberationSans SDF - Fallback.asset
  artifactKey: Guid(2e498d1c8094910479dc3e1b768306a4) Importer(815301076,1909f56bfc062723c751e8b465ee728b)
Start importing Assets/TextMesh Pro/Resources/Fonts & Materials/LiberationSans SDF - Fallback.asset using Guid(2e498d1c8094910479dc3e1b768306a4) Importer(815301076,1909f56bfc062723c751e8b465ee728b)  -> (artifact id: '4537c845667f4fa7a13ced69bf8f583b') in 0.065753 seconds
  Import took 0.069013 seconds .

========================================================================
Received Import Request.
  Time since last request: 0.000261 seconds.
  path: Assets/TextMesh Pro/Resources/Fonts & Materials/LiberationSans SDF - Outline.mat
  artifactKey: Guid(79459efec17a4d00a321bdcc27bbc385) Importer(815301076,1909f56bfc062723c751e8b465ee728b)
Start importing Assets/TextMesh Pro/Resources/Fonts & Materials/LiberationSans SDF - Outline.mat using Guid(79459efec17a4d00a321bdcc27bbc385) Importer(815301076,1909f56bfc062723c751e8b465ee728b)  -> (artifact id: '6d9fcbcb84b37b887c31e305afb13524') in 0.169770 seconds
  Import took 0.181712 seconds .

========================================================================
Received Import Request.
  Time since last request: 0.000408 seconds.
  path: Assets/AstarPathfindingProject/ExampleScenes/Prefabs/MineBot/Materials/mine_bot-01 - Default.mat
  artifactKey: Guid(1829738127541482a895692670703544) Importer(815301076,1909f56bfc062723c751e8b465ee728b)
Start importing Assets/AstarPathfindingProject/ExampleScenes/Prefabs/MineBot/Materials/mine_bot-01 - Default.mat using Guid(1829738127541482a895692670703544) Importer(815301076,1909f56bfc062723c751e8b465ee728b)  -> (artifact id: 'f661c3599a3b2efe12fb6f613248403b') in 0.031756 seconds
  Import took 0.063841 seconds .

========================================================================
Received Import Request.
  Time since last request: 0.000483 seconds.
  path: Assets/TextMesh Pro/Resources/Fonts & Materials/LiberationSans SDF - Drop Shadow.mat
  artifactKey: Guid(e73a58f6e2794ae7b1b7e50b7fb811b0) Importer(815301076,1909f56bfc062723c751e8b465ee728b)
Start importing Assets/TextMesh Pro/Resources/Fonts & Materials/LiberationSans SDF - Drop Shadow.mat using Guid(e73a58f6e2794ae7b1b7e50b7fb811b0) Importer(815301076,1909f56bfc062723c751e8b465ee728b)  -> (artifact id: 'c9f838aa9920f0a87f0d9c9c00e166a9') in 0.086075 seconds
  Import took 0.090785 seconds .

========================================================================
Received Import Request.
  Time since last request: 0.000256 seconds.
  path: Assets/AstarPathfindingProject/ExampleScenes/Materials/GroundRTS.mat
  artifactKey: Guid(48404990b059d4ad881cae67992eb592) Importer(815301076,1909f56bfc062723c751e8b465ee728b)
Start importing Assets/AstarPathfindingProject/ExampleScenes/Materials/GroundRTS.mat using Guid(48404990b059d4ad881cae67992eb592) Importer(815301076,1909f56bfc062723c751e8b465ee728b)  -> (artifact id: '68742a88a372ec22f1dbe795dd78e4d2') in 0.077913 seconds
  Import took 0.080458 seconds .

========================================================================
Received Import Request.
  Time since last request: 0.000231 seconds.
  path: Assets/TextMesh Pro/Resources/Fonts & Materials/LiberationSans SDF.asset
  artifactKey: Guid(8f586378b4e144a9851e7b34d9b748ee) Importer(815301076,1909f56bfc062723c751e8b465ee728b)
Start importing Assets/TextMesh Pro/Resources/Fonts & Materials/LiberationSans SDF.asset using Guid(8f586378b4e144a9851e7b34d9b748ee) Importer(815301076,1909f56bfc062723c751e8b465ee728b)  -> (artifact id: 'f45b531e2dbacb6e4a37e1e6014cda26') in 0.041703 seconds
  Import took 0.044265 seconds .

========================================================================
Received Import Request.
  Time since last request: 0.000323 seconds.
  path: Assets/AstarPathfindingProject/ExampleScenes/Example5_PointGraph/ListCubes.mat
  artifactKey: Guid(9c0721c9b4f3c4cb894656485acb9228) Importer(815301076,1909f56bfc062723c751e8b465ee728b)
Start importing Assets/AstarPathfindingProject/ExampleScenes/Example5_PointGraph/ListCubes.mat using Guid(9c0721c9b4f3c4cb894656485acb9228) Importer(815301076,1909f56bfc062723c751e8b465ee728b)  -> (artifact id: 'ac97f558f8e27fbdf62ced4f3df301bb') in 0.095877 seconds
  Import took 0.106970 seconds .

========================================================================
Received Import Request.
  Time since last request: 0.000399 seconds.
  path: Assets/AstarPathfindingProject/ExampleScenes/Prefabs/MineBot/Materials/mine_bot-minebot.mat
  artifactKey: Guid(0f239eb41e29343e28970d1c5e9adede) Importer(815301076,1909f56bfc062723c751e8b465ee728b)
Start importing Assets/AstarPathfindingProject/ExampleScenes/Prefabs/MineBot/Materials/mine_bot-minebot.mat using Guid(0f239eb41e29343e28970d1c5e9adede) Importer(815301076,1909f56bfc062723c751e8b465ee728b)  -> (artifact id: 'c8f500b9f8fcd70fd10fb3fbb50a0314') in 0.336271 seconds
  Import took 0.340214 seconds .

========================================================================
Received Import Request.
  Time since last request: 20.902326 seconds.
  path: Assets/TextMesh Pro/Fonts/LiberationSans.ttf
  artifactKey: Guid(e3265ab4bf004d28a9537516768c1c75) Importer(815301076,1909f56bfc062723c751e8b465ee728b)
Start importing Assets/TextMesh Pro/Fonts/LiberationSans.ttf using Guid(e3265ab4bf004d28a9537516768c1c75) Importer(815301076,1909f56bfc062723c751e8b465ee728b)  -> (artifact id: '56958c179ef8452511f5b1d07bfa61f0') in 0.047549 seconds
  Import took 0.051413 seconds .

========================================================================
Received Import Request.
  Time since last request: 0.000260 seconds.
  path: Assets/AstarPathfindingProject/ExampleScenes/Materials/Ground.mat
  artifactKey: Guid(3219de2d574674beb889c87b844502b5) Importer(815301076,1909f56bfc062723c751e8b465ee728b)
Start importing Assets/AstarPathfindingProject/ExampleScenes/Materials/Ground.mat using Guid(3219de2d574674beb889c87b844502b5) Importer(815301076,1909f56bfc062723c751e8b465ee728b)  -> (artifact id: '5d22587ea2a2bcd55bea618f146ba6d2') in 0.035686 seconds
  Import took 0.057429 seconds .

========================================================================
Received Import Request.
  Time since last request: 1.982955 seconds.
  path: Assets/AstarPathfindingProject/ExampleScenes/Materials/Door.mat
  artifactKey: Guid(863174fbef875425ca78e4c949f12318) Importer(815301076,1909f56bfc062723c751e8b465ee728b)
Start importing Assets/AstarPathfindingProject/ExampleScenes/Materials/Door.mat using Guid(863174fbef875425ca78e4c949f12318) Importer(815301076,1909f56bfc062723c751e8b465ee728b)  -> (artifact id: '232794b2f0081b773e435efe06d2b19e') in 0.027523 seconds
  Import took 0.038594 seconds .

========================================================================
Received Import Request.
  Time since last request: 0.000239 seconds.
  path: Assets/AstarPathfindingProject/ExampleScenes/Example5_PointGraph/ex5Ground.mat
  artifactKey: Guid(46e0ecefe2ba442a5825f21e42530872) Importer(815301076,1909f56bfc062723c751e8b465ee728b)
Start importing Assets/AstarPathfindingProject/ExampleScenes/Example5_PointGraph/ex5Ground.mat using Guid(46e0ecefe2ba442a5825f21e42530872) Importer(815301076,1909f56bfc062723c751e8b465ee728b)  -> (artifact id: 'c6769dcc4a4708aefebbad4253163f30') in 0.098911 seconds
  Import took 0.122991 seconds .

========================================================================
Received Import Request.
  Time since last request: 0.000257 seconds.
  path: Assets/AstarPathfindingProject/ExampleScenes/Materials/Door.mat
  artifactKey: Guid(863174fbef875425ca78e4c949f12318) Importer(815301076,1909f56bfc062723c751e8b465ee728b)
Start importing Assets/AstarPathfindingProject/ExampleScenes/Materials/Door.mat using Guid(863174fbef875425ca78e4c949f12318) Importer(815301076,1909f56bfc062723c751e8b465ee728b)  -> (artifact id: '232794b2f0081b773e435efe06d2b19e') in 0.009840 seconds
  Import took 0.012570 seconds .

========================================================================
Received Import Request.
  Time since last request: 6.422736 seconds.
  path: Assets/AstarPathfindingProject/ExampleScenes/Materials/AI.mat
  artifactKey: Guid(db55ebdb9473a4a80a0037f64aafccce) Importer(815301076,1909f56bfc062723c751e8b465ee728b)
Start importing Assets/AstarPathfindingProject/ExampleScenes/Materials/AI.mat using Guid(db55ebdb9473a4a80a0037f64aafccce) Importer(815301076,1909f56bfc062723c751e8b465ee728b)  -> (artifact id: '901044a9aa13cc7a4bf52361373ac8a9') in 0.048339 seconds
  Import took 0.051589 seconds .

========================================================================
Received Import Request.
  Time since last request: 0.000233 seconds.
  path: Assets/AstarPathfindingProject/ExampleScenes/Materials/BlueBox.mat
  artifactKey: Guid(99dbb3f3abc3c4845a9b650ff678e7c1) Importer(815301076,1909f56bfc062723c751e8b465ee728b)
Start importing Assets/AstarPathfindingProject/ExampleScenes/Materials/BlueBox.mat using Guid(99dbb3f3abc3c4845a9b650ff678e7c1) Importer(815301076,1909f56bfc062723c751e8b465ee728b)  -> (artifact id: '39671da823bf502172f1bba46f9b666a') in 0.018993 seconds
  Import took 0.022055 seconds .

========================================================================
Received Import Request.
  Time since last request: 0.000195 seconds.
  path: Assets/AstarPathfindingProject/ExampleScenes/Materials/BlueCheckerGround.mat
  artifactKey: Guid(8f4d5503fdeab441e8c6c041504cf535) Importer(815301076,1909f56bfc062723c751e8b465ee728b)
Start importing Assets/AstarPathfindingProject/ExampleScenes/Materials/BlueCheckerGround.mat using Guid(8f4d5503fdeab441e8c6c041504cf535) Importer(815301076,1909f56bfc062723c751e8b465ee728b)  -> (artifact id: '62e54d3ab617bdb792d5f66c5b29443d') in 0.060977 seconds
  Import took 0.073711 seconds .

========================================================================
Received Import Request.
  Time since last request: 0.000305 seconds.
  path: Assets/AstarPathfindingProject/ExampleScenes/Materials/BlueGround.mat
  artifactKey: Guid(b71b71b0a1f9a48768a27ca6eefcfbdf) Importer(815301076,1909f56bfc062723c751e8b465ee728b)
Start importing Assets/AstarPathfindingProject/ExampleScenes/Materials/BlueGround.mat using Guid(b71b71b0a1f9a48768a27ca6eefcfbdf) Importer(815301076,1909f56bfc062723c751e8b465ee728b)  -> (artifact id: '394193f9a6bb92fc79ca22dd5bd8939d') in 0.018075 seconds
  Import took 0.021304 seconds .

========================================================================
Received Prepare
Registering precompiled user dll's ...
Registered in 0.001373 seconds.
Begin MonoManager ReloadAssembly
Native extension for WindowsStandalone target not found
Native extension for WebGL target not found
Refreshing native plugins compatible for Editor in 0.36 ms, found 1 plugins.
Preloading 0 native plugins for Editor in 0.00 ms.
Invoked RoslynAnalysisRunner static constructor.
RoslynAnalysisRunner will not be running.
RoslynAnalysisRunner has terminated.
Mono: successfully reloaded assembly
- Completed reload, in  0.745 seconds
Platform modules already initialized, skipping
Refreshing native plugins compatible for Editor in 0.39 ms, found 1 plugins.
Preloading 0 native plugins for Editor in 0.00 ms.
Unloading 1913 Unused Serialized files (Serialized files now loaded: 0)
System memory in use before: 109.1 MB.
System memory in use after: 109.1 MB.

Unloading 13 unused Assets to reduce memory usage. Loaded Objects now: 2477.
Total: 4.209100 ms (FindLiveObjects: 0.324500 ms CreateObjectMapping: 0.156300 ms MarkObjects: 3.539000 ms  DeleteObjects: 0.187700 ms)

========================================================================
Received Prepare
Registering precompiled user dll's ...
Registered in 0.001578 seconds.
Begin MonoManager ReloadAssembly
Native extension for WindowsStandalone target not found
Native extension for WebGL target not found
Refreshing native plugins compatible for Editor in 0.36 ms, found 1 plugins.
Preloading 0 native plugins for Editor in 0.00 ms.
Invoked RoslynAnalysisRunner static constructor.
RoslynAnalysisRunner will not be running.
RoslynAnalysisRunner has terminated.
Mono: successfully reloaded assembly
- Completed reload, in  0.748 seconds
Platform modules already initialized, skipping
Refreshing native plugins compatible for Editor in 0.42 ms, found 1 plugins.
Preloading 0 native plugins for Editor in 0.00 ms.
Unloading 1913 Unused Serialized files (Serialized files now loaded: 0)
System memory in use before: 109.4 MB.
System memory in use after: 109.4 MB.

Unloading 13 unused Assets to reduce memory usage. Loaded Objects now: 2480.
Total: 5.141900 ms (FindLiveObjects: 0.436300 ms CreateObjectMapping: 0.208900 ms MarkObjects: 4.251700 ms  DeleteObjects: 0.243000 ms)

========================================================================
Received Import Request.
  Time since last request: 188.730311 seconds.
  path: Assets/Scenes/Square.png
  artifactKey: Guid(a348eaca463b4ea4daf6d2b1d59605c6) Importer(815301076,1909f56bfc062723c751e8b465ee728b)
Start importing Assets/Scenes/Square.png using Guid(a348eaca463b4ea4daf6d2b1d59605c6) Importer(815301076,1909f56bfc062723c751e8b465ee728b)  -> (artifact id: '348935316fb04031c4224d18f721d213') in 0.046242 seconds
  Import took 0.058144 seconds .

========================================================================
Received Prepare
Registering precompiled user dll's ...
Registered in 0.001573 seconds.
Begin MonoManager ReloadAssembly
Native extension for WindowsStandalone target not found
Native extension for WebGL target not found
Refreshing native plugins compatible for Editor in 0.41 ms, found 1 plugins.
Preloading 0 native plugins for Editor in 0.00 ms.
Invoked RoslynAnalysisRunner static constructor.
RoslynAnalysisRunner will not be running.
RoslynAnalysisRunner has terminated.
Mono: successfully reloaded assembly
- Completed reload, in  0.723 seconds
Platform modules already initialized, skipping
Refreshing native plugins compatible for Editor in 0.39 ms, found 1 plugins.
Preloading 0 native plugins for Editor in 0.00 ms.
Unloading 1913 Unused Serialized files (Serialized files now loaded: 0)
System memory in use before: 109.7 MB.
System memory in use after: 109.7 MB.

Unloading 13 unused Assets to reduce memory usage. Loaded Objects now: 2484.
Total: 2.054200 ms (FindLiveObjects: 0.222000 ms CreateObjectMapping: 0.075300 ms MarkObjects: 1.622500 ms  DeleteObjects: 0.133300 ms)

========================================================================
Received Import Request.
  Time since last request: 104.432577 seconds.
  path: ProjectSettings/TagManager.asset
  artifactKey: Guid(00000000000000003000000000000000) Importer(815301076,1909f56bfc062723c751e8b465ee728b)
Start importing ProjectSettings/TagManager.asset using Guid(00000000000000003000000000000000) Importer(815301076,1909f56bfc062723c751e8b465ee728b)  -> (artifact id: 'e2d51b3ff19404dc48125c294b952264') in 0.017531 seconds
  Import took 0.027508 seconds .

========================================================================
Received Prepare
Registering precompiled user dll's ...
Registered in 0.001389 seconds.
Begin MonoManager ReloadAssembly
Native extension for WindowsStandalone target not found
Native extension for WebGL target not found
Refreshing native plugins compatible for Editor in 0.63 ms, found 1 plugins.
Preloading 0 native plugins for Editor in 0.00 ms.
Invoked RoslynAnalysisRunner static constructor.
RoslynAnalysisRunner will not be running.
RoslynAnalysisRunner has terminated.
Mono: successfully reloaded assembly
- Completed reload, in  0.730 seconds
Platform modules already initialized, skipping
Refreshing native plugins compatible for Editor in 0.37 ms, found 1 plugins.
Preloading 0 native plugins for Editor in 0.00 ms.
Unloading 1913 Unused Serialized files (Serialized files now loaded: 0)
System memory in use before: 109.8 MB.
System memory in use after: 109.8 MB.

Unloading 14 unused Assets to reduce memory usage. Loaded Objects now: 2487.
Total: 1.901600 ms (FindLiveObjects: 0.194300 ms CreateObjectMapping: 0.071900 ms MarkObjects: 1.499800 ms  DeleteObjects: 0.134800 ms)

========================================================================
Received Prepare
Registering precompiled user dll's ...
Registered in 0.001542 seconds.
Begin MonoManager ReloadAssembly
Native extension for WindowsStandalone target not found
Native extension for WebGL target not found
Refreshing native plugins compatible for Editor in 0.46 ms, found 1 plugins.
Preloading 0 native plugins for Editor in 0.00 ms.
Invoked RoslynAnalysisRunner static constructor.
RoslynAnalysisRunner will not be running.
RoslynAnalysisRunner has terminated.
Mono: successfully reloaded assembly
- Completed reload, in  0.758 seconds
Platform modules already initialized, skipping
Refreshing native plugins compatible for Editor in 0.41 ms, found 1 plugins.
Preloading 0 native plugins for Editor in 0.00 ms.
Unloading 1913 Unused Serialized files (Serialized files now loaded: 0)
System memory in use before: 109.2 MB.
System memory in use after: 109.2 MB.

Unloading 13 unused Assets to reduce memory usage. Loaded Objects now: 2490.
Total: 2.559600 ms (FindLiveObjects: 0.202600 ms CreateObjectMapping: 0.087300 ms MarkObjects: 2.171800 ms  DeleteObjects: 0.096800 ms)

========================================================================
Received Import Request.
  Time since last request: 121.128879 seconds.
  path: Assets/Scenes/Level 2.unity
  artifactKey: Guid(25c1222dd206a574ca267c3aa192e5b9) Importer(815301076,1909f56bfc062723c751e8b465ee728b)
Start importing Assets/Scenes/Level 2.unity using Guid(25c1222dd206a574ca267c3aa192e5b9) Importer(815301076,1909f56bfc062723c751e8b465ee728b)  -> (artifact id: '30e69af64da349d2612b4d2803f324f5') in 0.010082 seconds
  Import took 0.012955 seconds .

========================================================================
Received Prepare
Registering precompiled user dll's ...
Registered in 0.001627 seconds.
Begin MonoManager ReloadAssembly
Native extension for WindowsStandalone target not found
Native extension for WebGL target not found
Refreshing native plugins compatible for Editor in 0.36 ms, found 1 plugins.
Preloading 0 native plugins for Editor in 0.00 ms.
Invoked RoslynAnalysisRunner static constructor.
RoslynAnalysisRunner will not be running.
RoslynAnalysisRunner has terminated.
Mono: successfully reloaded assembly
- Completed reload, in  0.784 seconds
Platform modules already initialized, skipping
Refreshing native plugins compatible for Editor in 0.38 ms, found 1 plugins.
Preloading 0 native plugins for Editor in 0.00 ms.
Unloading 1913 Unused Serialized files (Serialized files now loaded: 0)
System memory in use before: 109.5 MB.
System memory in use after: 109.5 MB.

Unloading 13 unused Assets to reduce memory usage. Loaded Objects now: 2493.
Total: 1.918200 ms (FindLiveObjects: 0.273300 ms CreateObjectMapping: 0.071600 ms MarkObjects: 1.444700 ms  DeleteObjects: 0.127700 ms)

========================================================================
Received Import Request.
  Time since last request: 82859.342627 seconds.
  path: Assets/Scenes/Level 1.unity
  artifactKey: Guid(2cda990e2423bbf4892e6590ba056729) Importer(815301076,1909f56bfc062723c751e8b465ee728b)
Start importing Assets/Scenes/Level 1.unity using Guid(2cda990e2423bbf4892e6590ba056729) Importer(815301076,1909f56bfc062723c751e8b465ee728b)  -> (artifact id: 'eca1370c7d37534febad31799480f6ba') in 0.014446 seconds
  Import took 0.039088 seconds .

========================================================================
Received Prepare
Registering precompiled user dll's ...
Registered in 0.001376 seconds.
Begin MonoManager ReloadAssembly
Native extension for WindowsStandalone target not found
Native extension for WebGL target not found
Refreshing native plugins compatible for Editor in 0.44 ms, found 1 plugins.
Preloading 0 native plugins for Editor in 0.00 ms.
Invoked RoslynAnalysisRunner static constructor.
RoslynAnalysisRunner will not be running.
RoslynAnalysisRunner has terminated.
Mono: successfully reloaded assembly
- Completed reload, in  0.811 seconds
Platform modules already initialized, skipping
Refreshing native plugins compatible for Editor in 0.55 ms, found 1 plugins.
Preloading 0 native plugins for Editor in 0.00 ms.
Unloading 1913 Unused Serialized files (Serialized files now loaded: 0)
System memory in use before: 109.8 MB.
System memory in use after: 109.8 MB.

Unloading 13 unused Assets to reduce memory usage. Loaded Objects now: 2496.
Total: 2.278600 ms (FindLiveObjects: 0.291500 ms CreateObjectMapping: 0.114100 ms MarkObjects: 1.735700 ms  DeleteObjects: 0.135900 ms)

========================================================================
Received Import Request.
  Time since last request: 469.648497 seconds.
  path: Assets/Scenes/Level 2.unity
  artifactKey: Guid(25c1222dd206a574ca267c3aa192e5b9) Importer(815301076,1909f56bfc062723c751e8b465ee728b)
Start importing Assets/Scenes/Level 2.unity using Guid(25c1222dd206a574ca267c3aa192e5b9) Importer(815301076,1909f56bfc062723c751e8b465ee728b)  -> (artifact id: '6aceb67b3f4748258d9492e2a52e6e3d') in 0.014491 seconds
  Import took 0.033128 seconds .

========================================================================
Received Prepare
Registering precompiled user dll's ...
Registered in 0.001494 seconds.
Begin MonoManager ReloadAssembly
Native extension for WindowsStandalone target not found
Native extension for WebGL target not found
Refreshing native plugins compatible for Editor in 0.36 ms, found 1 plugins.
Preloading 0 native plugins for Editor in 0.00 ms.
Invoked RoslynAnalysisRunner static constructor.
RoslynAnalysisRunner will not be running.
RoslynAnalysisRunner has terminated.
Mono: successfully reloaded assembly
- Completed reload, in  0.817 seconds
Platform modules already initialized, skipping
Refreshing native plugins compatible for Editor in 0.39 ms, found 1 plugins.
Preloading 0 native plugins for Editor in 0.00 ms.
Unloading 1913 Unused Serialized files (Serialized files now loaded: 0)
System memory in use before: 109.1 MB.
System memory in use after: 109.1 MB.

Unloading 13 unused Assets to reduce memory usage. Loaded Objects now: 2499.
Total: 2.339700 ms (FindLiveObjects: 0.242500 ms CreateObjectMapping: 0.091300 ms MarkObjects: 1.872800 ms  DeleteObjects: 0.132400 ms)

========================================================================
Received Prepare
Registering precompiled user dll's ...
Registered in 0.059536 seconds.
Begin MonoManager ReloadAssembly
Native extension for WindowsStandalone target not found
Native extension for WebGL target not found
Refreshing native plugins compatible for Editor in 0.48 ms, found 1 plugins.
Preloading 0 native plugins for Editor in 0.00 ms.
Invoked RoslynAnalysisRunner static constructor.
RoslynAnalysisRunner will not be running.
RoslynAnalysisRunner has terminated.
Mono: successfully reloaded assembly
- Completed reload, in  0.900 seconds
Platform modules already initialized, skipping
Refreshing native plugins compatible for Editor in 0.38 ms, found 1 plugins.
Preloading 0 native plugins for Editor in 0.00 ms.
Unloading 1913 Unused Serialized files (Serialized files now loaded: 0)
System memory in use before: 109.4 MB.
System memory in use after: 109.4 MB.

Unloading 13 unused Assets to reduce memory usage. Loaded Objects now: 2502.
Total: 2.195500 ms (FindLiveObjects: 0.209400 ms CreateObjectMapping: 0.083700 ms MarkObjects: 1.768300 ms  DeleteObjects: 0.133000 ms)

========================================================================
Received Prepare
Registering precompiled user dll's ...
Registered in 0.001343 seconds.
Begin MonoManager ReloadAssembly
Native extension for WindowsStandalone target not found
Native extension for WebGL target not found
Refreshing native plugins compatible for Editor in 0.37 ms, found 1 plugins.
Preloading 0 native plugins for Editor in 0.00 ms.
Invoked RoslynAnalysisRunner static constructor.
RoslynAnalysisRunner will not be running.
RoslynAnalysisRunner has terminated.
Mono: successfully reloaded assembly
- Completed reload, in  0.726 seconds
Platform modules already initialized, skipping
Refreshing native plugins compatible for Editor in 0.37 ms, found 1 plugins.
Preloading 0 native plugins for Editor in 0.00 ms.
Unloading 1913 Unused Serialized files (Serialized files now loaded: 0)
System memory in use before: 109.6 MB.
System memory in use after: 109.6 MB.

Unloading 13 unused Assets to reduce memory usage. Loaded Objects now: 2505.
Total: 2.364900 ms (FindLiveObjects: 0.328100 ms CreateObjectMapping: 0.099000 ms MarkObjects: 1.819400 ms  DeleteObjects: 0.116700 ms)

========================================================================
Received Prepare
Registering precompiled user dll's ...
Registered in 0.001518 seconds.
Begin MonoManager ReloadAssembly
Native extension for WindowsStandalone target not found
Native extension for WebGL target not found
Refreshing native plugins compatible for Editor in 0.38 ms, found 1 plugins.
Preloading 0 native plugins for Editor in 0.00 ms.
Invoked RoslynAnalysisRunner static constructor.
RoslynAnalysisRunner will not be running.
RoslynAnalysisRunner has terminated.
Mono: successfully reloaded assembly
- Completed reload, in  0.749 seconds
Platform modules already initialized, skipping
Refreshing native plugins compatible for Editor in 0.39 ms, found 1 plugins.
Preloading 0 native plugins for Editor in 0.00 ms.
Unloading 1913 Unused Serialized files (Serialized files now loaded: 0)
System memory in use before: 109.8 MB.
System memory in use after: 109.8 MB.

Unloading 13 unused Assets to reduce memory usage. Loaded Objects now: 2508.
Total: 2.955900 ms (FindLiveObjects: 0.369900 ms CreateObjectMapping: 0.095500 ms MarkObjects: 2.382000 ms  DeleteObjects: 0.106800 ms)

========================================================================
Received Prepare
Registering precompiled user dll's ...
Registered in 0.001492 seconds.
Begin MonoManager ReloadAssembly
Native extension for WindowsStandalone target not found
Native extension for WebGL target not found
Refreshing native plugins compatible for Editor in 0.49 ms, found 1 plugins.
Preloading 0 native plugins for Editor in 0.00 ms.
Invoked RoslynAnalysisRunner static constructor.
RoslynAnalysisRunner will not be running.
RoslynAnalysisRunner has terminated.
Mono: successfully reloaded assembly
- Completed reload, in  0.745 seconds
Platform modules already initialized, skipping
Refreshing native plugins compatible for Editor in 0.38 ms, found 1 plugins.
Preloading 0 native plugins for Editor in 0.00 ms.
Unloading 1913 Unused Serialized files (Serialized files now loaded: 0)
System memory in use before: 109.2 MB.
System memory in use after: 109.2 MB.

Unloading 13 unused Assets to reduce memory usage. Loaded Objects now: 2511.
Total: 1.908400 ms (FindLiveObjects: 0.185500 ms CreateObjectMapping: 0.061500 ms MarkObjects: 1.522800 ms  DeleteObjects: 0.137400 ms)

========================================================================
Received Prepare
Registering precompiled user dll's ...
Registered in 0.001429 seconds.
Begin MonoManager ReloadAssembly
Native extension for WindowsStandalone target not found
Native extension for WebGL target not found
Refreshing native plugins compatible for Editor in 0.37 ms, found 1 plugins.
Preloading 0 native plugins for Editor in 0.00 ms.
Invoked RoslynAnalysisRunner static constructor.
RoslynAnalysisRunner will not be running.
RoslynAnalysisRunner has terminated.
Mono: successfully reloaded assembly
- Completed reload, in  0.749 seconds
Platform modules already initialized, skipping
Refreshing native plugins compatible for Editor in 0.40 ms, found 1 plugins.
Preloading 0 native plugins for Editor in 0.00 ms.
Unloading 1913 Unused Serialized files (Serialized files now loaded: 0)
System memory in use before: 109.5 MB.
System memory in use after: 109.5 MB.

Unloading 13 unused Assets to reduce memory usage. Loaded Objects now: 2514.
Total: 5.163900 ms (FindLiveObjects: 0.479100 ms CreateObjectMapping: 0.227300 ms MarkObjects: 4.344500 ms  DeleteObjects: 0.111100 ms)

========================================================================
Received Prepare
Registering precompiled user dll's ...
Registered in 0.001372 seconds.
Begin MonoManager ReloadAssembly
Native extension for WindowsStandalone target not found
Native extension for WebGL target not found
Refreshing native plugins compatible for Editor in 0.39 ms, found 1 plugins.
Preloading 0 native plugins for Editor in 0.00 ms.
Invoked RoslynAnalysisRunner static constructor.
RoslynAnalysisRunner will not be running.
RoslynAnalysisRunner has terminated.
Mono: successfully reloaded assembly
- Completed reload, in  0.736 seconds
Platform modules already initialized, skipping
Refreshing native plugins compatible for Editor in 0.38 ms, found 1 plugins.
Preloading 0 native plugins for Editor in 0.00 ms.
Unloading 1913 Unused Serialized files (Serialized files now loaded: 0)
System memory in use before: 109.8 MB.
System memory in use after: 109.8 MB.

Unloading 13 unused Assets to reduce memory usage. Loaded Objects now: 2517.
Total: 4.583000 ms (FindLiveObjects: 0.431000 ms CreateObjectMapping: 0.222300 ms MarkObjects: 3.714100 ms  DeleteObjects: 0.213500 ms)

AssetImportWorkerClient::OnTransportError - code=2 error=End of file
